16:42:47.367 [localhost-startStop-1] DEBUG [org.apache.ibatis.logging.LogFactory] - Logging initialized using 'class org.apache.ibatis.logging.slf4j.Slf4jImpl' adapter.
16:42:48.103 [localhost-startStop-1] DEBUG [org.apache.ibatis.io.ResolverUtil] - Class not found: org.jboss.vfs.VFS
16:42:48.104 [localhost-startStop-1] DEBUG [org.apache.ibatis.io.ResolverUtil] - JBoss 6 VFS API is not available in this environment.
16:42:48.106 [localhost-startStop-1] DEBUG [org.apache.ibatis.io.ResolverUtil] - Class not found: org.jboss.vfs.VirtualFile
16:42:48.107 [localhost-startStop-1] DEBUG [org.apache.ibatis.io.ResolverUtil] - VFS implementation org.apache.ibatis.io.JBoss6VFS is not valid in this environment.
16:42:48.108 [localhost-startStop-1] DEBUG [org.apache.ibatis.io.ResolverUtil] - Using VFS adapter org.apache.ibatis.io.DefaultVFS
16:42:48.109 [localhost-startStop-1] DEBUG [org.apache.ibatis.io.ResolverUtil] - Find JAR URL: jar:file:/E:/java/maven/maven-dependcies/com/thz/pojo/thz-pojo/0.0.1-SNAPSHOT/thz-pojo-0.0.1-SNAPSHOT.jar!/com/thz/pojo
16:42:48.109 [localhost-startStop-1] DEBUG [org.apache.ibatis.io.ResolverUtil] - Inner URL: file:/E:/java/maven/maven-dependcies/com/thz/pojo/thz-pojo/0.0.1-SNAPSHOT/thz-pojo-0.0.1-SNAPSHOT.jar!/com/thz/pojo
16:42:48.109 [localhost-startStop-1] DEBUG [org.apache.ibatis.io.ResolverUtil] - Extracted JAR URL: file:/E:/java/maven/maven-dependcies/com/thz/pojo/thz-pojo/0.0.1-SNAPSHOT/thz-pojo-0.0.1-SNAPSHOT.jar
16:42:48.110 [localhost-startStop-1] DEBUG [org.apache.ibatis.io.ResolverUtil] - Found JAR: file:/E:/java/maven/maven-dependcies/com/thz/pojo/thz-pojo/0.0.1-SNAPSHOT/thz-pojo-0.0.1-SNAPSHOT.jar
16:42:48.110 [localhost-startStop-1] DEBUG [org.apache.ibatis.io.ResolverUtil] - Listing jar:file:/E:/java/maven/maven-dependcies/com/thz/pojo/thz-pojo/0.0.1-SNAPSHOT/thz-pojo-0.0.1-SNAPSHOT.jar!/com/thz/pojo
16:42:48.110 [localhost-startStop-1] DEBUG [org.apache.ibatis.io.ResolverUtil] - Found resource: /com/thz/pojo/Goods.class
16:42:48.110 [localhost-startStop-1] DEBUG [org.apache.ibatis.io.ResolverUtil] - Found resource: /com/thz/pojo/User.class
16:42:48.111 [localhost-startStop-1] DEBUG [org.apache.ibatis.io.ResolverUtil] - Checking to see if class com.thz.pojo.Goods matches criteria [is assignable to Object]
16:42:48.111 [localhost-startStop-1] DEBUG [org.apache.ibatis.io.ResolverUtil] - Checking to see if class com.thz.pojo.User matches criteria [is assignable to Object]
16:43:42.100 [http-bio-8080-exec-2] INFO  [com.thz.controller.WebPageController] - ----获取图片验证码--RANDOMVALIDATECODEKEY=C----
16:43:42.235 [http-bio-8080-exec-2] ERROR [com.thz.config.GlobalExceptionHandler] - Cannot create a session after the response has been committed
java.lang.IllegalStateException: Cannot create a session after the response has been committed
	at org.apache.catalina.connector.Request.doGetSession(Request.java:2921) ~[tomcat-embed-core-7.0.47.jar:7.0.47]
	at org.apache.catalina.connector.Request.getSession(Request.java:2318) ~[tomcat-embed-core-7.0.47.jar:7.0.47]
	at org.apache.catalina.connector.RequestFacade.getSession(RequestFacade.java:899) ~[tomcat-embed-core-7.0.47.jar:7.0.47]
	at org.apache.catalina.connector.RequestFacade.getSession(RequestFacade.java:911) ~[tomcat-embed-core-7.0.47.jar:7.0.47]
	at javax.servlet.http.HttpServletRequestWrapper.getSession(HttpServletRequestWrapper.java:238) ~[tomcat-embed-core-7.0.47.jar:7.0.47]
	at javax.servlet.http.HttpServletRequestWrapper.getSession(HttpServletRequestWrapper.java:238) ~[tomcat-embed-core-7.0.47.jar:7.0.47]
	at javax.servlet.http.HttpServletRequestWrapper.getSession(HttpServletRequestWrapper.java:238) ~[tomcat-embed-core-7.0.47.jar:7.0.47]
	at com.thz.controller.WebPageController.getVerifyCode(WebPageController.java:236) ~[classes/:?]
	at sun.reflect.NativeMethodAccessorImpl.invoke0(Native Method) ~[?:1.8.0_161]
	at sun.reflect.NativeMethodAccessorImpl.invoke(NativeMethodAccessorImpl.java:62) ~[?:1.8.0_161]
	at sun.reflect.DelegatingMethodAccessorImpl.invoke(DelegatingMethodAccessorImpl.java:43) ~[?:1.8.0_161]
	at java.lang.reflect.Method.invoke(Method.java:498) ~[?:1.8.0_161]
	at org.springframework.web.method.support.InvocableHandlerMethod.doInvoke(InvocableHandlerMethod.java:222) ~[spring-web-4.2.4.RELEASE.jar:4.2.4.RELEASE]
	at org.springframework.web.method.support.InvocableHandlerMethod.invokeForRequest(InvocableHandlerMethod.java:137) ~[spring-web-4.2.4.RELEASE.jar:4.2.4.RELEASE]
	at org.springframework.web.servlet.mvc.method.annotation.ServletInvocableHandlerMethod.invokeAndHandle(ServletInvocableHandlerMethod.java:110) ~[spring-webmvc-4.2.4.RELEASE.jar:4.2.4.RELEASE]
	at org.springframework.web.servlet.mvc.method.annotation.RequestMappingHandlerAdapter.invokeHandlerMethod(RequestMappingHandlerAdapter.java:814) ~[spring-webmvc-4.2.4.RELEASE.jar:4.2.4.RELEASE]
	at org.springframework.web.servlet.mvc.method.annotation.RequestMappingHandlerAdapter.handleInternal(RequestMappingHandlerAdapter.java:737) ~[spring-webmvc-4.2.4.RELEASE.jar:4.2.4.RELEASE]
	at org.springframework.web.servlet.mvc.method.AbstractHandlerMethodAdapter.handle(AbstractHandlerMethodAdapter.java:85) ~[spring-webmvc-4.2.4.RELEASE.jar:4.2.4.RELEASE]
	at org.springframework.web.servlet.DispatcherServlet.doDispatch(DispatcherServlet.java:959) ~[spring-webmvc-4.2.4.RELEASE.jar:4.2.4.RELEASE]
	at org.springframework.web.servlet.DispatcherServlet.doService(DispatcherServlet.java:893) ~[spring-webmvc-4.2.4.RELEASE.jar:4.2.4.RELEASE]
	at org.springframework.web.servlet.FrameworkServlet.processRequest(FrameworkServlet.java:969) ~[spring-webmvc-4.2.4.RELEASE.jar:4.2.4.RELEASE]
	at org.springframework.web.servlet.FrameworkServlet.doGet(FrameworkServlet.java:860) ~[spring-webmvc-4.2.4.RELEASE.jar:4.2.4.RELEASE]
	at javax.servlet.http.HttpServlet.service(HttpServlet.java:621) ~[tomcat-embed-core-7.0.47.jar:7.0.47]
	at org.springframework.web.servlet.FrameworkServlet.service(FrameworkServlet.java:845) ~[spring-webmvc-4.2.4.RELEASE.jar:4.2.4.RELEASE]
	at javax.servlet.http.HttpServlet.service(HttpServlet.java:728) ~[tomcat-embed-core-7.0.47.jar:7.0.47]
	at org.apache.catalina.core.ApplicationFilterChain.internalDoFilter(ApplicationFilterChain.java:305) ~[tomcat-embed-core-7.0.47.jar:7.0.47]
	at org.apache.catalina.core.ApplicationFilterChain.doFilter(ApplicationFilterChain.java:210) ~[tomcat-embed-core-7.0.47.jar:7.0.47]
	at org.apache.tomcat.websocket.server.WsFilter.doFilter(WsFilter.java:51) ~[tomcat-embed-core-7.0.47.jar:7.0.47]
	at org.apache.catalina.core.ApplicationFilterChain.internalDoFilter(ApplicationFilterChain.java:243) ~[tomcat-embed-core-7.0.47.jar:7.0.47]
	at org.apache.catalina.core.ApplicationFilterChain.doFilter(ApplicationFilterChain.java:210) ~[tomcat-embed-core-7.0.47.jar:7.0.47]
	at org.springframework.security.web.FilterChainProxy$VirtualFilterChain.doFilter(FilterChainProxy.java:317) ~[spring-security-web-4.1.0.RELEASE.jar:4.1.0.RELEASE]
	at org.springframework.security.web.access.intercept.FilterSecurityInterceptor.invoke(FilterSecurityInterceptor.java:127) ~[spring-security-web-4.1.0.RELEASE.jar:4.1.0.RELEASE]
	at org.springframework.security.web.access.intercept.FilterSecurityInterceptor.doFilter(FilterSecurityInterceptor.java:91) ~[spring-security-web-4.1.0.RELEASE.jar:4.1.0.RELEASE]
	at org.springframework.security.web.FilterChainProxy$VirtualFilterChain.doFilter(FilterChainProxy.java:331) ~[spring-security-web-4.1.0.RELEASE.jar:4.1.0.RELEASE]
	at org.springframework.security.web.access.ExceptionTranslationFilter.doFilter(ExceptionTranslationFilter.java:115) ~[spring-security-web-4.1.0.RELEASE.jar:4.1.0.RELEASE]
	at org.springframework.security.web.FilterChainProxy$VirtualFilterChain.doFilter(FilterChainProxy.java:331) ~[spring-security-web-4.1.0.RELEASE.jar:4.1.0.RELEASE]
	at org.springframework.security.web.session.SessionManagementFilter.doFilter(SessionManagementFilter.java:137) ~[spring-security-web-4.1.0.RELEASE.jar:4.1.0.RELEASE]
	at org.springframework.security.web.FilterChainProxy$VirtualFilterChain.doFilter(FilterChainProxy.java:331) ~[spring-security-web-4.1.0.RELEASE.jar:4.1.0.RELEASE]
	at org.springframework.security.web.authentication.AnonymousAuthenticationFilter.doFilter(AnonymousAuthenticationFilter.java:112) ~[spring-security-web-4.1.0.RELEASE.jar:4.1.0.RELEASE]
	at org.springframework.security.web.FilterChainProxy$VirtualFilterChain.doFilter(FilterChainProxy.java:331) ~[spring-security-web-4.1.0.RELEASE.jar:4.1.0.RELEASE]
	at org.springframework.security.web.servletapi.SecurityContextHolderAwareRequestFilter.doFilter(SecurityContextHolderAwareRequestFilter.java:169) ~[spring-security-web-4.1.0.RELEASE.jar:4.1.0.RELEASE]
	at org.springframework.security.web.FilterChainProxy$VirtualFilterChain.doFilter(FilterChainProxy.java:331) ~[spring-security-web-4.1.0.RELEASE.jar:4.1.0.RELEASE]
	at org.springframework.security.web.savedrequest.RequestCacheAwareFilter.doFilter(RequestCacheAwareFilter.java:63) ~[spring-security-web-4.1.0.RELEASE.jar:4.1.0.RELEASE]
	at org.springframework.security.web.FilterChainProxy$VirtualFilterChain.doFilter(FilterChainProxy.java:331) ~[spring-security-web-4.1.0.RELEASE.jar:4.1.0.RELEASE]
	at org.springframework.security.web.session.ConcurrentSessionFilter.doFilter(ConcurrentSessionFilter.java:134) ~[spring-security-web-4.1.0.RELEASE.jar:4.1.0.RELEASE]
	at org.springframework.security.web.FilterChainProxy$VirtualFilterChain.doFilter(FilterChainProxy.java:331) ~[spring-security-web-4.1.0.RELEASE.jar:4.1.0.RELEASE]
	at org.springframework.security.web.authentication.AbstractAuthenticationProcessingFilter.doFilter(AbstractAuthenticationProcessingFilter.java:206) ~[spring-security-web-4.1.0.RELEASE.jar:4.1.0.RELEASE]
	at org.springframework.security.web.FilterChainProxy$VirtualFilterChain.doFilter(FilterChainProxy.java:331) ~[spring-security-web-4.1.0.RELEASE.jar:4.1.0.RELEASE]
	at org.springframework.security.web.authentication.logout.LogoutFilter.doFilter(LogoutFilter.java:121) ~[spring-security-web-4.1.0.RELEASE.jar:4.1.0.RELEASE]
	at org.springframework.security.web.FilterChainProxy$VirtualFilterChain.doFilter(FilterChainProxy.java:331) ~[spring-security-web-4.1.0.RELEASE.jar:4.1.0.RELEASE]
	at org.springframework.security.web.header.HeaderWriterFilter.doFilterInternal(HeaderWriterFilter.java:66) ~[spring-security-web-4.1.0.RELEASE.jar:4.1.0.RELEASE]
	at org.springframework.web.filter.OncePerRequestFilter.doFilter(OncePerRequestFilter.java:107) ~[spring-web-4.2.4.RELEASE.jar:4.2.4.RELEASE]
	at org.springframework.security.web.FilterChainProxy$VirtualFilterChain.doFilter(FilterChainProxy.java:331) ~[spring-security-web-4.1.0.RELEASE.jar:4.1.0.RELEASE]
	at org.springframework.security.web.context.SecurityContextPersistenceFilter.doFilter(SecurityContextPersistenceFilter.java:106) ~[spring-security-web-4.1.0.RELEASE.jar:4.1.0.RELEASE]
	at org.springframework.security.web.FilterChainProxy$VirtualFilterChain.doFilter(FilterChainProxy.java:331) ~[spring-security-web-4.1.0.RELEASE.jar:4.1.0.RELEASE]
	at org.springframework.security.web.context.request.async.WebAsyncManagerIntegrationFilter.doFilterInternal(WebAsyncManagerIntegrationFilter.java:56) ~[spring-security-web-4.1.0.RELEASE.jar:4.1.0.RELEASE]
	at org.springframework.web.filter.OncePerRequestFilter.doFilter(OncePerRequestFilter.java:107) ~[spring-web-4.2.4.RELEASE.jar:4.2.4.RELEASE]
	at org.springframework.security.web.FilterChainProxy$VirtualFilterChain.doFilter(FilterChainProxy.java:331) ~[spring-security-web-4.1.0.RELEASE.jar:4.1.0.RELEASE]
	at org.springframework.security.web.FilterChainProxy.doFilterInternal(FilterChainProxy.java:214) ~[spring-security-web-4.1.0.RELEASE.jar:4.1.0.RELEASE]
	at org.springframework.security.web.FilterChainProxy.doFilter(FilterChainProxy.java:177) ~[spring-security-web-4.1.0.RELEASE.jar:4.1.0.RELEASE]
	at org.springframework.web.filter.DelegatingFilterProxy.invokeDelegate(DelegatingFilterProxy.java:346) ~[spring-web-4.2.4.RELEASE.jar:4.2.4.RELEASE]
	at org.springframework.web.filter.DelegatingFilterProxy.doFilter(DelegatingFilterProxy.java:262) ~[spring-web-4.2.4.RELEASE.jar:4.2.4.RELEASE]
	at org.apache.catalina.core.ApplicationFilterChain.internalDoFilter(ApplicationFilterChain.java:243) ~[tomcat-embed-core-7.0.47.jar:7.0.47]
	at org.apache.catalina.core.ApplicationFilterChain.doFilter(ApplicationFilterChain.java:210) ~[tomcat-embed-core-7.0.47.jar:7.0.47]
	at org.springframework.web.filter.CharacterEncodingFilter.doFilterInternal(CharacterEncodingFilter.java:121) ~[spring-web-4.2.4.RELEASE.jar:4.2.4.RELEASE]
	at org.springframework.web.filter.OncePerRequestFilter.doFilter(OncePerRequestFilter.java:107) ~[spring-web-4.2.4.RELEASE.jar:4.2.4.RELEASE]
	at org.apache.catalina.core.ApplicationFilterChain.internalDoFilter(ApplicationFilterChain.java:243) ~[tomcat-embed-core-7.0.47.jar:7.0.47]
	at org.apache.catalina.core.ApplicationFilterChain.doFilter(ApplicationFilterChain.java:210) ~[tomcat-embed-core-7.0.47.jar:7.0.47]
	at org.apache.logging.log4j.web.Log4jServletFilter.doFilter(Log4jServletFilter.java:71) ~[log4j-web-2.9.1.jar:2.9.1]
	at org.apache.catalina.core.ApplicationFilterChain.internalDoFilter(ApplicationFilterChain.java:243) ~[tomcat-embed-core-7.0.47.jar:7.0.47]
	at org.apache.catalina.core.ApplicationFilterChain.doFilter(ApplicationFilterChain.java:210) ~[tomcat-embed-core-7.0.47.jar:7.0.47]
	at org.apache.catalina.core.StandardWrapperValve.invoke(StandardWrapperValve.java:222) ~[tomcat-embed-core-7.0.47.jar:7.0.47]
	at org.apache.catalina.core.StandardContextValve.invoke(StandardContextValve.java:123) ~[tomcat-embed-core-7.0.47.jar:7.0.47]
	at org.apache.catalina.authenticator.AuthenticatorBase.invoke(AuthenticatorBase.java:502) ~[tomcat-embed-core-7.0.47.jar:7.0.47]
	at org.apache.catalina.core.StandardHostValve.invoke(StandardHostValve.java:171) ~[tomcat-embed-core-7.0.47.jar:7.0.47]
	at org.apache.catalina.valves.ErrorReportValve.invoke(ErrorReportValve.java:100) ~[tomcat-embed-core-7.0.47.jar:7.0.47]
	at org.apache.catalina.valves.AccessLogValve.invoke(AccessLogValve.java:953) ~[tomcat-embed-core-7.0.47.jar:7.0.47]
	at org.apache.catalina.core.StandardEngineValve.invoke(StandardEngineValve.java:118) ~[tomcat-embed-core-7.0.47.jar:7.0.47]
	at org.apache.catalina.connector.CoyoteAdapter.service(CoyoteAdapter.java:408) ~[tomcat-embed-core-7.0.47.jar:7.0.47]
	at org.apache.coyote.http11.AbstractHttp11Processor.process(AbstractHttp11Processor.java:1041) ~[tomcat-embed-core-7.0.47.jar:7.0.47]
	at org.apache.coyote.AbstractProtocol$AbstractConnectionHandler.process(AbstractProtocol.java:603) ~[tomcat-embed-core-7.0.47.jar:7.0.47]
	at org.apache.tomcat.util.net.JIoEndpoint$SocketProcessor.run(JIoEndpoint.java:310) ~[tomcat-embed-core-7.0.47.jar:7.0.47]
	at java.util.concurrent.ThreadPoolExecutor.runWorker(ThreadPoolExecutor.java:1149) ~[?:1.8.0_161]
	at java.util.concurrent.ThreadPoolExecutor$Worker.run(ThreadPoolExecutor.java:624) ~[?:1.8.0_161]
	at java.lang.Thread.run(Thread.java:748) [?:1.8.0_161]
